Flutter crash report.
Please report a bug at https://github.com/flutter/flutter/issues.

## command

flutter --no-color pub get

## exception

FileSystemException: FileSystemException: writeFrom failed, path = 'C:\Users\user\AppData\Roaming\.dart-tool\dart-flutter-telemetry.log' (OS Error: There is not enough space on the disk.
, errno = 112)

```
#0      _RandomAccessFile.writeFromSync (dart:io/file_impl.dart:905:7)
#1      _File.writeAsBytesSync (dart:io/file_impl.dart:646:14)
#2      _File.writeAsStringSync (dart:io/file_impl.dart:668:5)
#3      ForwardingFile.writeAsStringSync (package:file/src/forwarding/forwarding_file.dart:150:16)
#4      LogHandler.save (package:unified_analytics/src/log_handler.dart:283:15)
#5      AnalyticsImpl.send (package:unified_analytics/src/analytics.dart:608:17)
#6      FlutterCommand.verifyThenRunCommand (package:flutter_tools/src/runner/flutter_command.dart:1684:17)
<asynchronous suspension>
#7      FlutterCommand.run.<anonymous closure> (package:flutter_tools/src/runner/flutter_command.dart:1367:27)
<asynchronous suspension>
#8      AppContext.run.<anonymous closure> (package:flutter_tools/src/base/context.dart:150:19)
<asynchronous suspension>
#9      CommandRunner.runCommand (package:args/command_runner.dart:212:13)
<asynchronous suspension>
#10     FlutterCommandRunner.runCommand.<anonymous closure> (package:flutter_tools/src/runner/flutter_command_runner.dart:348:9)
<asynchronous suspension>
#11     AppContext.run.<anonymous closure> (package:flutter_tools/src/base/context.dart:150:19)
<asynchronous suspension>
#12     FlutterCommandRunner.runCommand (package:flutter_tools/src/runner/flutter_command_runner.dart:294:5)
<asynchronous suspension>
#13     run.<anonymous closure>.<anonymous closure> (package:flutter_tools/runner.dart:112:9)
<asynchronous suspension>
#14     AppContext.run.<anonymous closure> (package:flutter_tools/src/base/context.dart:150:19)
<asynchronous suspension>
#15     main (package:flutter_tools/executable.dart:90:3)
<asynchronous suspension>
```

## flutter doctor

```
[!] Flutter (Channel stable, 3.16.7, on Microsoft Windows [Version 10.0.19045.6466], locale en-US)
    • Flutter version 3.16.7 on channel stable at E:\flutter\src\flutter
    ! Warning: `flutter` on your path resolves to D:\Android studio 2022\flutter\bin\flutter, which is not inside your current Flutter SDK checkout at E:\flutter\src\flutter. Consider adding E:\flutter\src\flutter\bin to the front of your path.
    ! Warning: `dart` on your path resolves to D:\Android studio 2022\flutter\bin\dart, which is not inside your current Flutter SDK checkout at E:\flutter\src\flutter. Consider adding E:\flutter\src\flutter\bin to the front of your path.
    • Upstream repository https://github.com/flutter/flutter.git
    • Framework revision ef1af02aea (2 years, 1 month ago), 2024-01-11 15:19:26 -0600
    • Engine revision 4a585b7929
    • Dart version 3.2.4
    • DevTools version 2.28.5
    • If those were intentional, you can disregard the above warnings; however it is recommended to use "git" directly to perform update checks and upgrades.

[✓] Windows Version (Installed version of Windows is version 10 or higher)

[✓] Android toolchain - develop for Android devices (Android SDK version 36.1.0)
    • Android SDK at C:\Users\user\AppData\Local\Android\sdk
    • Platform android-36, build-tools 36.1.0
    • Java binary at: C:\Program Files\Android\Android Studio4\jbr\bin\java
    • Java version OpenJDK Runtime Environment (build 17.0.6+0-b2043.56-9586694)
    • All Android licenses accepted.

[✓] Chrome - develop for the web
    • Chrome at C:\Program Files\Google\Chrome\Application\chrome.exe

[✓] Visual Studio - develop Windows apps (Visual Studio Community 2022 17.14.19)
    • Visual Studio at C:\Program Files\Microsoft Visual Studio\2022\Community
    • Visual Studio Community 2022 version 17.14.36623.8
    • Windows 10 SDK version 10.0.26100.0

[✓] Android Studio (version 2022.2)
    • Android Studio at C:\Program Files\Android\Android Studio4
    • Flutter plugin can be installed from:
      🔨 https://plugins.jetbrains.com/plugin/9212-flutter
    • Dart plugin can be installed from:
      🔨 https://plugins.jetbrains.com/plugin/6351-dart
    • Java version OpenJDK Runtime Environment (build 17.0.6+0-b2043.56-9586694)

[✓] VS Code (version 1.108.1)
    • VS Code at C:\Users\user\AppData\Local\Programs\Microsoft VS Code
    • Flutter extension can be installed from:
      🔨 https://marketplace.visualstudio.com/items?itemName=Dart-Code.flutter

[✓] Connected device (3 available)
    • Windows (desktop) • windows • windows-x64    • Microsoft Windows [Version 10.0.19045.6466]
    • Chrome (web)      • chrome  • web-javascript • Google Chrome 144.0.7559.110
    • Edge (web)        • edge    • web-javascript • Microsoft Edge 144.0.3719.104

[✓] Network resources
    • All expected network resources are available.

! Doctor found issues in 1 category.
```
